REMOVING COLLECTION
Collection removed
Get Data :
SPOT :  Baie des Trépassés
Get Data :
SPOT :  Blancs Sablons
Get Data :
SPOT :  Chassiron
Get Data :
SPOT :  Côte Sauvage
Get Data :
SPOT :  Etel
Get Data :
SPOT :  Fort Bloqué
Get Data :
SPOT :  La Palue
Get Data :
SPOT :  Le Dossen
Get Data :
SPOT :  Le Petit Minou 
Get Data :
SPOT :  Les Huttes
Get Data :
SPOT :  Les Kaolins
Get Data :
SPOT :  Lostmarch
Get Data :
SPOT :  Plage de Couarde
Get Data :
SPOT :  Plage de Kermabec
Get Data :
SPOT :  Plage de l'Ecluse
Get Data :
SPOT :  Plage de la falaise
Get Data :
SPOT :  Plage de Longchamp
Get Data :
SPOT :  Plage de Pen er Malo
Get Data :
SPOT :  Plage de Trestraou
Get Data :
SPOT :  Plage des Grenettes
Get Data :
SPOT :  Plage du Kervel
Get Data :
SPOT :  Plage du Moulin de la Rive
Get Data :
SPOT :  Plage du P'tit Bec
Get Data :
SPOT :  Pointe de la Torche
Get Data :
SPOT :  Pors Carn
Get Data :
SPOT :  Port Bara
Get Data :
SPOT :  Port Blanc
Get Data :
SPOT :  Sainte-Barbe
Get Data :
SPOT :  Trestel
Get Data :
SPOT :  Vague du Port
Get Data :
SPOT :  Vert Bois
Get Data :
SPOT :  Plage du Ris 
Get Data :
SPOT :  Plage de Penhors
Get Data :
SPOT :  Goulien 
Get Data :
SPOT :  Capo Di Feno
Get Data :
SPOT :  Golfu di Lava
Get Data :
SPOT :  Algajola
Get Data :
SPOT :  Farinole
Get Data :
SPOT :  Cap Ferret
Get Data :
SPOT :  Carcans Plage
Get Data :
SPOT :  Hourtin Plage
Get Data :
SPOT :  Lacanau Océan
Get Data :
SPOT :  Le Gurp
Get Data :
SPOT :  Le Porge
Get Data :
SPOT :  Le Truc Vert
Get Data :
SPOT :  Plage de Saint-Nicolas
Get Data :
SPOT :  Plage Vensac
Get Data :
SPOT :  Soulac-sur-Mer
Get Data :
SPOT :  Biscarosse Plage
Get Data :
SPOT :  Plage du métro
Get Data :
SPOT :  La Piste
Get Data :
SPOT :  Santocha
Get Data :
SPOT :  Contis-Plage
Get Data :
SPOT :  La Nord
Get Data :
SPOT :  La Gravière
Get Data :
SPOT :  Labenne-Océan
Get Data :
SPOT :  Plage de Messanges
Get Data :
SPOT :  Plage de Mimizan
Get Data :
SPOT :  Plage de Moliets
Get Data :
SPOT :  Plage des Bourdaines
Get Data :
SPOT :  Les Estagnots
Get Data :
SPOT :  Soustons Plage
Get Data :
SPOT :  Saint-Girons-Plage
Get Data :
SPOT :  Vieux-Boucau
Get Data :
SPOT :  Plage de la Marenda
Get Data :
SPOT :  Plage des Chalets
Get Data :
SPOT :  Plage de l'Hôtel de Ville
Get Data :
SPOT :  Siouville
Get Data :
SPOT :  Etretat
Get Data :
SPOT :  Pourville-sur-Mer
Get Data :
SPOT :  Plage de Sciotot
Get Data :
SPOT :  Surtainville
Get Data :
SPOT :  Urville-Nacqueville
Get Data :
SPOT :  Plage de Barbâtre
Get Data :
SPOT :  Les Dunes
Get Data :
SPOT :  La Sauzaie
Get Data :
SPOT :  Bud Bud
Get Data :
SPOT :  La Baule
Get Data :
SPOT :  La Tranche
Get Data :
SPOT :  La Govelle
Get Data :
SPOT :  L'Embarcadère
Get Data :
SPOT :  Les Vieilles
Get Data :
SPOT :  Préfailles
Get Data :
SPOT :  Pornichet
Get Data :
SPOT :  Plage de Tanchet
Get Data :
SPOT :  Saint-Gilles-Croix-de-Vie
Get Data :
SPOT :  Plage de Sauveterre
Get Data :
SPOT :  La Barre
Get Data :
SPOT :  Les Chambres d'Amour
Get Data :
SPOT :  Les Cavaliers
Get Data :
SPOT :  Belharra
Get Data :
SPOT :  Côte des Basques
Get Data :
SPOT :  La Grande Plage
Get Data :
SPOT :  Centre
Get Data :
SPOT :  Parlementia 
Get Data :
SPOT :  Erromardie
Get Data :
SPOT :  Les Alcyons
Get Data :
SPOT :  Hendaye
Get Data :
SPOT :  Plage de Lafiténia
Get Data :
SPOT :  Brutal Beach
Get Data :
SPOT :  Golfe de la Napoule
Get Data :
SPOT :  Plage du Liouquet
Get Data :
SPOT :  Carro 
Get Data :
SPOT :  La Couronne
Get Data :
SPOT :  La Madrague
Get Data :
SPOT :  Le Lavandou
Get Data :
SPOT :  Le Prado
Get Data :
SPOT :  Les Lecques
Get Data :
SPOT :  Anse à la Goude
Get Data :
SPOT :  Anse Salabouelle
Get Data :
SPOT :  Anse Bertrand
Get Data :
SPOT :  Anse du Bananier
Get Data :
SPOT :  Plage de Grande Anse
Get Data :
SPOT :  Le Helleux
Get Data :
SPOT :  Baie du Moule
Get Data :
SPOT :  Plage de Petit-Havre
Get Data :
SPOT :  Port Louis
Get Data :
SPOT :  La Caravelle
Get Data :
SPOT :  Saint-François
Get Data :
SPOT :  Tartane
Get Data :
SPOT :  Anse Couleuvre
Get Data :
SPOT :  Anse Trabaud
Get Data :
SPOT :  Anse Charpentier
Get Data :
SPOT :  Gouaro
Get Data :
SPOT :  Dumbéa
Get Data :
SPOT :  Fausse Passe 1
Get Data :
SPOT :  Fausse Passe 2
Get Data :
SPOT :  Goldfield
Get Data :
SPOT :  Ouano
Get Data :
SPOT :  Secret
Get Data :
SPOT :  Ténia
PROCESS END
